<?xml version="1.0" encoding="UTF-8" standalone="no"?><testsuite errors="0" failures="0" name="Automatización para el comerciop Wompi de manera que se garantice que las transacciones de pago se realicen" skipped="0" tests="6" time="6.01" timestamp="2026-02-04 03:53:08"><testcase name="Consulta exitosa de informacion del comercio con llave publica valida"/><testcase name="Consulta exitosa verifica campos obligatorios"/><testcase name="Consulta exitosa verifica metodos de pago aceptados"/><testcase name="Consulta fallida con llave pública invalida"/><testcase name="Consulta fallida sin llave publica"/><testcase name="Consulta fallida con endpoint incorrecto"/></testsuite>