<?xml version="1.0" encoding="UTF-8" standalone="no"?><testsuite errors="0" failures="0" name="Consulta de informacion del comercio en Wompi" skipped="0" tests="6" time="5.69" timestamp="2025-08-06 11:35:11"><testcase name="Consulta exitosa de informacion del comercio con llave publica valida"/><testcase name="Consulta exitosa verifica campos obligatorios"/><testcase name="Consulta exitosa verifica metodos de pago aceptados"/><testcase name="Consulta fallida con llave pública invalida"/><testcase name="Consulta fallida sin llave publica"/><testcase name="Consulta fallida con endpoint incorrecto"/></testsuite>